


ARM Macro Assembler    Page 1 


    1 00000000         ;//-------- <<< Use Configuration Wizard in Context Menu
                        >>> ------------------
    2 00000000         ;*/
    3 00000000         
    4 00000000         
    5 00000000         ; <h> Stack Configuration
    6 00000000         ;   <o> Stack Size (in Bytes) <0x0-0xFFFFFFFF:8>
    7 00000000         ; </h>
    8 00000000         
    9 00000000 00000200 
                       Stack_Size
                               EQU              0x00000200
   10 00000000         
   11 00000000                 AREA             STACK, NOINIT, READWRITE, ALIGN
=3
   12 00000000         Stack_Mem
                               SPACE            Stack_Size
   13 00000200         __initial_sp
   14 00000200         
   15 00000200         
   16 00000200         ; <h> Heap Configuration
   17 00000200         ;   <o>  Heap Size (in Bytes) <0x0-0xFFFFFFFF:8>
   18 00000200         ; </h>
   19 00000200         
   20 00000200 00000000 
                       Heap_Size
                               EQU              0x00000000
   21 00000200         
   22 00000200                 AREA             HEAP, NOINIT, READWRITE, ALIGN=
3
   23 00000000         __heap_base
   24 00000000         Heap_Mem
                               SPACE            Heap_Size
   25 00000000         __heap_limit
   26 00000000         
   27 00000000         
   28 00000000                 PRESERVE8
   29 00000000                 THUMB
   30 00000000         
   31 00000000         
   32 00000000         ; Vector Table Mapped to Address 0 at Reset
   33 00000000         
   34 00000000                 AREA             RESET, DATA, READONLY
   35 00000000                 EXPORT           __Vectors
   36 00000000                 EXPORT           __Vectors_End
   37 00000000                 EXPORT           __Vectors_Size
   38 00000000                 IMPORT           vUART_Handler
   39 00000000                 IMPORT           vT32_0_Handler
   40 00000000                 IMPORT           vT32_1_Handler
   41 00000000         
   42 00000000 00000000 
                       __Vectors
                               DCD              __initial_sp ; Top of Stack
   43 00000004 00000000        DCD              Reset_Handler ; Reset Handler
   44 00000008 00000000        DCD              NMI_Handler ; NMI Handler
   45 0000000C 00000000        DCD              HardFault_Handler ; Hard Fault 
                                                            Handler
   46 00000010 00000000        DCD              MemManage_Handler 
                                                            ; MPU Fault Handler



ARM Macro Assembler    Page 2 


                                                            
   47 00000014 00000000        DCD              BusFault_Handler 
                                                            ; Bus Fault Handler
                                                            
   48 00000018 00000000        DCD              UsageFault_Handler ; Usage Faul
                                                            t Handler
   49 0000001C 00000000        DCD              0           ; Reserved
   50 00000020 00000000        DCD              0           ; Reserved
   51 00000024 00000000        DCD              0           ; Reserved
   52 00000028 00000000        DCD              0           ; Reserved
   53 0000002C 00000000        DCD              SVC_Handler ; SVCall Handler
   54 00000030 00000000        DCD              DebugMon_Handler ; Debug Monito
                                                            r Handler
   55 00000034 00000000        DCD              0           ; Reserved
   56 00000038 00000000        DCD              PendSV_Handler ; PendSV Handler
                                                            
   57 0000003C 00000000        DCD              SysTick_Handler 
                                                            ; SysTick Handler
   58 00000040         
   59 00000040         ; External Interrupts
   60 00000040 00000000        DCD              PSS_IRQHandler ;  0:  PSS Inter
                                                            rupt
   61 00000044 00000000        DCD              CS_IRQHandler 
                                                            ;  1:  CS Interrupt
                                                            
   62 00000048 00000000        DCD              PCM_IRQHandler ;  2:  PCM Inter
                                                            rupt
   63 0000004C 00000000        DCD              WDT_A_IRQHandler ;  3:  WDT_A I
                                                            nterrupt
   64 00000050 00000000        DCD              FPU_IRQHandler ;  4:  FPU Inter
                                                            rupt
   65 00000054 00000000        DCD              FLCTL_IRQHandler ;  5:  FLCTL I
                                                            nterrupt
   66 00000058 00000000        DCD              COMP_E0_IRQHandler ;  6:  COMP_
                                                            E0 Interrupt
   67 0000005C 00000000        DCD              COMP_E1_IRQHandler ;  7:  COMP_
                                                            E1 Interrupt
   68 00000060 00000000        DCD              TA0_0_IRQHandler ;  8:  TA0_0 I
                                                            nterrupt
   69 00000064 00000000        DCD              TA0_N_IRQHandler ;  9:  TA0_N I
                                                            nterrupt
   70 00000068 00000000        DCD              TA1_0_IRQHandler ; 10:  TA1_0 I
                                                            nterrupt
   71 0000006C 00000000        DCD              TA1_N_IRQHandler ; 11:  TA1_N I
                                                            nterrupt
   72 00000070 00000000        DCD              TA2_0_IRQHandler ; 12:  TA2_0 I
                                                            nterrupt
   73 00000074 00000000        DCD              TA2_N_IRQHandler ; 13:  TA2_N I
                                                            nterrupt
   74 00000078 00000000        DCD              TA3_0_IRQHandler ; 14:  TA3_0 I
                                                            nterrupt
   75 0000007C 00000000        DCD              TA3_N_IRQHandler ; 15:  TA3_N I
                                                            nterrupt
   76 00000080 00000000        DCD              vUART_Handler ; EUSCIA0 ISR
   77 00000084 00000000        DCD              EUSCIA1_IRQHandler ; 17:  EUSCI
                                                            A1 Interrupt
   78 00000088 00000000        DCD              EUSCIA2_IRQHandler ; 18:  EUSCI
                                                            A2 Interrupt
   79 0000008C 00000000        DCD              EUSCIA3_IRQHandler ; 19:  EUSCI



ARM Macro Assembler    Page 3 


                                                            A3 Interrupt
   80 00000090 00000000        DCD              EUSCIB0_IRQHandler ; 20:  EUSCI
                                                            B0 Interrupt
   81 00000094 00000000        DCD              EUSCIB1_IRQHandler ; 21:  EUSCI
                                                            B1 Interrupt
   82 00000098 00000000        DCD              EUSCIB2_IRQHandler ; 22:  EUSCI
                                                            B2 Interrupt
   83 0000009C 00000000        DCD              EUSCIB3_IRQHandler ; 23:  EUSCI
                                                            B3 Interrupt
   84 000000A0 00000000        DCD              ADC14_IRQHandler ; 24:  ADC14 I
                                                            nterrupt
   85 000000A4 00000000        DCD              vT32_0_Handler ; T32_INT1 ISR
   86 000000A8 00000000        DCD              vT32_1_Handler ; T32_INT2 ISR
   87 000000AC 00000000        DCD              T32_INTC_IRQHandler ; 27:  T32_
                                                            INTC Interrupt
   88 000000B0 00000000        DCD              AES256_IRQHandler ; 28:  AES256
                                                             Interrupt
   89 000000B4 00000000        DCD              RTC_C_IRQHandler ; 29:  RTC_C I
                                                            nterrupt
   90 000000B8 00000000        DCD              DMA_ERR_IRQHandler ; 30:  DMA_E
                                                            RR Interrupt
   91 000000BC 00000000        DCD              DMA_INT3_IRQHandler ; 31:  DMA_
                                                            INT3 Interrupt
   92 000000C0 00000000        DCD              DMA_INT2_IRQHandler ; 32:  DMA_
                                                            INT2 Interrupt
   93 000000C4 00000000        DCD              DMA_INT1_IRQHandler ; 33:  DMA_
                                                            INT1 Interrupt
   94 000000C8 00000000        DCD              DMA_INT0_IRQHandler ; 34:  DMA_
                                                            INT0 Interrupt
   95 000000CC 00000000        DCD              PORT1_IRQHandler ; 35:  PORT1 I
                                                            nterrupt
   96 000000D0 00000000        DCD              PORT2_IRQHandler ; 36:  PORT2 I
                                                            nterrupt
   97 000000D4 00000000        DCD              PORT3_IRQHandler ; 37:  PORT3 I
                                                            nterrupt
   98 000000D8 00000000        DCD              PORT4_IRQHandler ; 38:  PORT4 I
                                                            nterrupt
   99 000000DC 00000000        DCD              PORT5_IRQHandler ; 39:  PORT5 I
                                                            nterrupt
  100 000000E0 00000000        DCD              PORT6_IRQHandler ; 40:  PORT6 I
                                                            nterrupt
  101 000000E4 00000000        DCD              0           ; 41:  Reserved
  102 000000E8 00000000        DCD              0           ; 42:  Reserved
  103 000000EC 00000000        DCD              0           ; 43:  Reserved
  104 000000F0 00000000        DCD              0           ; 44:  Reserved
  105 000000F4 00000000        DCD              0           ; 45:  Reserved
  106 000000F8 00000000        DCD              0           ; 46:  Reserved
  107 000000FC 00000000        DCD              0           ; 47:  Reserved
  108 00000100 00000000        DCD              0           ; 48:  Reserved
  109 00000104 00000000        DCD              0           ; 49:  Reserved
  110 00000108 00000000        DCD              0           ; 50:  Reserved
  111 0000010C 00000000        DCD              0           ; 51:  Reserved
  112 00000110 00000000        DCD              0           ; 52:  Reserved
  113 00000114 00000000        DCD              0           ; 53:  Reserved
  114 00000118 00000000        DCD              0           ; 54:  Reserved
  115 0000011C 00000000        DCD              0           ; 55:  Reserved
  116 00000120 00000000        DCD              0           ; 56:  Reserved
  117 00000124 00000000        DCD              0           ; 57:  Reserved
  118 00000128 00000000        DCD              0           ; 58:  Reserved



ARM Macro Assembler    Page 4 


  119 0000012C 00000000        DCD              0           ; 59:  Reserved
  120 00000130 00000000        DCD              0           ; 60:  Reserved
  121 00000134 00000000        DCD              0           ; 61:  Reserved
  122 00000138 00000000        DCD              0           ; 62:  Reserved
  123 0000013C 00000000        DCD              0           ; 63:  Reserved
  124 00000140 00000000        DCD              0           ; 64:  Reserved
  125 00000144         __Vectors_End
  126 00000144         
  127 00000144 00000144 
                       __Vectors_Size
                               EQU              __Vectors_End - __Vectors
  128 00000144         
  129 00000144                 AREA             |.text|, CODE, READONLY
  130 00000000         
  131 00000000         
  132 00000000         ; Reset Handler
  133 00000000         
  134 00000000         Reset_Handler
                               PROC
  135 00000000                 EXPORT           Reset_Handler             [WEAK
]
  136 00000000                 IMPORT           SystemInit
  137 00000000                 IMPORT           __main
  138 00000000 4806            LDR              R0, =SystemInit
  139 00000002 4780            BLX              R0
  140 00000004 4806            LDR              R0, =__main
  141 00000006 4700            BX               R0
  142 00000008                 ENDP
  143 00000008         
  144 00000008         
  145 00000008         ; Dummy Exception Handlers (infinite loops which can be 
                       modified)
  146 00000008         
  147 00000008         NMI_Handler
                               PROC
  148 00000008                 EXPORT           NMI_Handler               [WEAK
]
  149 00000008 E7FE            B                .
  150 0000000A                 ENDP
  152 0000000A         HardFault_Handler
                               PROC
  153 0000000A                 EXPORT           HardFault_Handler         [WEAK
]
  154 0000000A E7FE            B                .
  155 0000000C                 ENDP
  157 0000000C         MemManage_Handler
                               PROC
  158 0000000C                 EXPORT           MemManage_Handler         [WEAK
]
  159 0000000C E7FE            B                .
  160 0000000E                 ENDP
  162 0000000E         BusFault_Handler
                               PROC
  163 0000000E                 EXPORT           BusFault_Handler          [WEAK
]
  164 0000000E E7FE            B                .
  165 00000010                 ENDP
  167 00000010         UsageFault_Handler
                               PROC



ARM Macro Assembler    Page 5 


  168 00000010                 EXPORT           UsageFault_Handler        [WEAK
]
  169 00000010 E7FE            B                .
  170 00000012                 ENDP
  171 00000012         SVC_Handler
                               PROC
  172 00000012                 EXPORT           SVC_Handler               [WEAK
]
  173 00000012 E7FE            B                .
  174 00000014                 ENDP
  176 00000014         DebugMon_Handler
                               PROC
  177 00000014                 EXPORT           DebugMon_Handler          [WEAK
]
  178 00000014 E7FE            B                .
  179 00000016                 ENDP
  180 00000016         PendSV_Handler
                               PROC
  181 00000016                 EXPORT           PendSV_Handler            [WEAK
]
  182 00000016 E7FE            B                .
  183 00000018                 ENDP
  184 00000018         SysTick_Handler
                               PROC
  185 00000018                 EXPORT           SysTick_Handler           [WEAK
]
  186 00000018 E7FE            B                .
  187 0000001A                 ENDP
  188 0000001A         
  189 0000001A         Default_Handler
                               PROC
  190 0000001A                 EXPORT           PSS_IRQHandler            [WEAK
]
  191 0000001A                 EXPORT           CS_IRQHandler             [WEAK
]
  192 0000001A                 EXPORT           PCM_IRQHandler            [WEAK
]
  193 0000001A                 EXPORT           WDT_A_IRQHandler          [WEAK
]
  194 0000001A                 EXPORT           FPU_IRQHandler            [WEAK
]
  195 0000001A                 EXPORT           FLCTL_IRQHandler          [WEAK
]
  196 0000001A                 EXPORT           COMP_E0_IRQHandler        [WEAK
]
  197 0000001A                 EXPORT           COMP_E1_IRQHandler        [WEAK
]
  198 0000001A                 EXPORT           TA0_0_IRQHandler          [WEAK
]
  199 0000001A                 EXPORT           TA0_N_IRQHandler          [WEAK
]
  200 0000001A                 EXPORT           TA1_0_IRQHandler          [WEAK
]
  201 0000001A                 EXPORT           TA1_N_IRQHandler          [WEAK
]
  202 0000001A                 EXPORT           TA2_0_IRQHandler          [WEAK
]
  203 0000001A                 EXPORT           TA2_N_IRQHandler          [WEAK
]



ARM Macro Assembler    Page 6 


  204 0000001A                 EXPORT           TA3_0_IRQHandler          [WEAK
]
  205 0000001A                 EXPORT           TA3_N_IRQHandler          [WEAK
]
  206 0000001A                 EXPORT           EUSCIA0_IRQHandler        [WEAK
]
  207 0000001A                 EXPORT           EUSCIA1_IRQHandler        [WEAK
]
  208 0000001A                 EXPORT           EUSCIA2_IRQHandler        [WEAK
]
  209 0000001A                 EXPORT           EUSCIA3_IRQHandler        [WEAK
]
  210 0000001A                 EXPORT           EUSCIB0_IRQHandler        [WEAK
]
  211 0000001A                 EXPORT           EUSCIB1_IRQHandler        [WEAK
]
  212 0000001A                 EXPORT           EUSCIB2_IRQHandler        [WEAK
]
  213 0000001A                 EXPORT           EUSCIB3_IRQHandler        [WEAK
]
  214 0000001A                 EXPORT           ADC14_IRQHandler          [WEAK
]
  215 0000001A                 EXPORT           T32_INT1_IRQHandler       [WEAK
]
  216 0000001A                 EXPORT           T32_INT2_IRQHandler       [WEAK
]
  217 0000001A                 EXPORT           T32_INTC_IRQHandler       [WEAK
]
  218 0000001A                 EXPORT           AES256_IRQHandler         [WEAK
]
  219 0000001A                 EXPORT           RTC_C_IRQHandler          [WEAK
]
  220 0000001A                 EXPORT           DMA_ERR_IRQHandler        [WEAK
]
  221 0000001A                 EXPORT           DMA_INT3_IRQHandler       [WEAK
]
  222 0000001A                 EXPORT           DMA_INT2_IRQHandler       [WEAK
]
  223 0000001A                 EXPORT           DMA_INT1_IRQHandler       [WEAK
]
  224 0000001A                 EXPORT           DMA_INT0_IRQHandler       [WEAK
]
  225 0000001A                 EXPORT           PORT1_IRQHandler          [WEAK
]
  226 0000001A                 EXPORT           PORT2_IRQHandler          [WEAK
]
  227 0000001A                 EXPORT           PORT3_IRQHandler          [WEAK
]
  228 0000001A                 EXPORT           PORT4_IRQHandler          [WEAK
]
  229 0000001A                 EXPORT           PORT5_IRQHandler          [WEAK
]
  230 0000001A                 EXPORT           PORT6_IRQHandler          [WEAK
]
  231 0000001A         
  232 0000001A         PSS_IRQHandler
  233 0000001A         CS_IRQHandler
  234 0000001A         PCM_IRQHandler
  235 0000001A         WDT_A_IRQHandler



ARM Macro Assembler    Page 7 


  236 0000001A         FPU_IRQHandler
  237 0000001A         FLCTL_IRQHandler
  238 0000001A         COMP_E0_IRQHandler
  239 0000001A         COMP_E1_IRQHandler
  240 0000001A         TA0_0_IRQHandler
  241 0000001A         TA0_N_IRQHandler
  242 0000001A         TA1_0_IRQHandler
  243 0000001A         TA1_N_IRQHandler
  244 0000001A         TA2_0_IRQHandler
  245 0000001A         TA2_N_IRQHandler
  246 0000001A         TA3_0_IRQHandler
  247 0000001A         TA3_N_IRQHandler
  248 0000001A         EUSCIA0_IRQHandler
  249 0000001A         EUSCIA1_IRQHandler
  250 0000001A         EUSCIA2_IRQHandler
  251 0000001A         EUSCIA3_IRQHandler
  252 0000001A         EUSCIB0_IRQHandler
  253 0000001A         EUSCIB1_IRQHandler
  254 0000001A         EUSCIB2_IRQHandler
  255 0000001A         EUSCIB3_IRQHandler
  256 0000001A         ADC14_IRQHandler
  257 0000001A         T32_INT1_IRQHandler
  258 0000001A         T32_INT2_IRQHandler
  259 0000001A         T32_INTC_IRQHandler
  260 0000001A         AES256_IRQHandler
  261 0000001A         RTC_C_IRQHandler
  262 0000001A         DMA_ERR_IRQHandler
  263 0000001A         DMA_INT3_IRQHandler
  264 0000001A         DMA_INT2_IRQHandler
  265 0000001A         DMA_INT1_IRQHandler
  266 0000001A         DMA_INT0_IRQHandler
  267 0000001A         PORT1_IRQHandler
  268 0000001A         PORT2_IRQHandler
  269 0000001A         PORT3_IRQHandler
  270 0000001A         PORT4_IRQHandler
  271 0000001A         PORT5_IRQHandler
  272 0000001A         PORT6_IRQHandler
  273 0000001A E7FE            B                .
  274 0000001C                 ENDP
  275 0000001C         
  276 0000001C                 ALIGN
  277 0000001C         
  278 0000001C         
  279 0000001C         ; User Initial Stack & Heap
  280 0000001C         
  281 0000001C                 IF               :DEF:__MICROLIB
  282 0000001C         
  283 0000001C                 EXPORT           __initial_sp
  284 0000001C                 EXPORT           __heap_base
  285 0000001C                 EXPORT           __heap_limit
  286 0000001C         
  287 0000001C                 ELSE
  302                          ENDIF
  303 0000001C         
  304 0000001C         
  305 0000001C                 END
              00000000 
              00000000 
Command Line: --debug --xref --diag_suppress=9931 --cpu=Cortex-M4.fp.sp --apcs=



ARM Macro Assembler    Page 8 


interwork --depend=.\keil_debug\startup_msp432p4.d -o.\keil_debug\startup_msp43
2p4.o -I.\RTE\_Target_1 -IC:\Users\Ehlimana\AppData\Local\Arm\Packs\ARM\CMSIS\5
.9.0\CMSIS\Core\Include -IC:\Users\Ehlimana\AppData\Local\Arm\Packs\TexasInstru
ments\MSP432P4xx_DFP\3.2.6\Device\Include --predefine="__EVAL SETA 1" --predefi
ne="__MICROLIB SETA 1" --predefine="__UVISION_VERSION SETA 537" --predefine="_R
TE_ SETA 1" --predefine="_RTE_ SETA 1" --predefine="__MSP432P401R__ SETA 1" --l
ist=.\listings\startup_msp432p4.lst system\Keil\startup_MSP432P4.s



ARM Macro Assembler    Page 1 Alphabetic symbol ordering
Relocatable symbols

STACK 00000000

Symbol: STACK
   Definitions
      At line 11 in file system\Keil\startup_MSP432P4.s
   Uses
      None
Comment: STACK unused
Stack_Mem 00000000

Symbol: Stack_Mem
   Definitions
      At line 12 in file system\Keil\startup_MSP432P4.s
   Uses
      None
Comment: Stack_Mem unused
__initial_sp 00000200

Symbol: __initial_sp
   Definitions
      At line 13 in file system\Keil\startup_MSP432P4.s
   Uses
      At line 42 in file system\Keil\startup_MSP432P4.s
      At line 283 in file system\Keil\startup_MSP432P4.s

3 symbols



ARM Macro Assembler    Page 1 Alphabetic symbol ordering
Relocatable symbols

HEAP 00000000

Symbol: HEAP
   Definitions
      At line 22 in file system\Keil\startup_MSP432P4.s
   Uses
      None
Comment: HEAP unused
Heap_Mem 00000000

Symbol: Heap_Mem
   Definitions
      At line 24 in file system\Keil\startup_MSP432P4.s
   Uses
      None
Comment: Heap_Mem unused
__heap_base 00000000

Symbol: __heap_base
   Definitions
      At line 23 in file system\Keil\startup_MSP432P4.s
   Uses
      At line 284 in file system\Keil\startup_MSP432P4.s
Comment: __heap_base used once
__heap_limit 00000000

Symbol: __heap_limit
   Definitions
      At line 25 in file system\Keil\startup_MSP432P4.s
   Uses
      At line 285 in file system\Keil\startup_MSP432P4.s
Comment: __heap_limit used once
4 symbols



ARM Macro Assembler    Page 1 Alphabetic symbol ordering
Relocatable symbols

RESET 00000000

Symbol: RESET
   Definitions
      At line 34 in file system\Keil\startup_MSP432P4.s
   Uses
      None
Comment: RESET unused
__Vectors 00000000

Symbol: __Vectors
   Definitions
      At line 42 in file system\Keil\startup_MSP432P4.s
   Uses
      At line 35 in file system\Keil\startup_MSP432P4.s
      At line 127 in file system\Keil\startup_MSP432P4.s

__Vectors_End 00000144

Symbol: __Vectors_End
   Definitions
      At line 125 in file system\Keil\startup_MSP432P4.s
   Uses
      At line 36 in file system\Keil\startup_MSP432P4.s
      At line 127 in file system\Keil\startup_MSP432P4.s

3 symbols



ARM Macro Assembler    Page 1 Alphabetic symbol ordering
Relocatable symbols

.text 00000000

Symbol: .text
   Definitions
      At line 129 in file system\Keil\startup_MSP432P4.s
   Uses
      None
Comment: .text unused
ADC14_IRQHandler 0000001A

Symbol: ADC14_IRQHandler
   Definitions
      At line 256 in file system\Keil\startup_MSP432P4.s
   Uses
      At line 84 in file system\Keil\startup_MSP432P4.s
      At line 214 in file system\Keil\startup_MSP432P4.s

AES256_IRQHandler 0000001A

Symbol: AES256_IRQHandler
   Definitions
      At line 260 in file system\Keil\startup_MSP432P4.s
   Uses
      At line 88 in file system\Keil\startup_MSP432P4.s
      At line 218 in file system\Keil\startup_MSP432P4.s

BusFault_Handler 0000000E

Symbol: BusFault_Handler
   Definitions
      At line 162 in file system\Keil\startup_MSP432P4.s
   Uses
      At line 47 in file system\Keil\startup_MSP432P4.s
      At line 163 in file system\Keil\startup_MSP432P4.s

COMP_E0_IRQHandler 0000001A

Symbol: COMP_E0_IRQHandler
   Definitions
      At line 238 in file system\Keil\startup_MSP432P4.s
   Uses
      At line 66 in file system\Keil\startup_MSP432P4.s
      At line 196 in file system\Keil\startup_MSP432P4.s

COMP_E1_IRQHandler 0000001A

Symbol: COMP_E1_IRQHandler
   Definitions
      At line 239 in file system\Keil\startup_MSP432P4.s
   Uses
      At line 67 in file system\Keil\startup_MSP432P4.s
      At line 197 in file system\Keil\startup_MSP432P4.s

CS_IRQHandler 0000001A

Symbol: CS_IRQHandler
   Definitions
      At line 233 in file system\Keil\startup_MSP432P4.s
   Uses



ARM Macro Assembler    Page 2 Alphabetic symbol ordering
Relocatable symbols

      At line 61 in file system\Keil\startup_MSP432P4.s
      At line 191 in file system\Keil\startup_MSP432P4.s

DMA_ERR_IRQHandler 0000001A

Symbol: DMA_ERR_IRQHandler
   Definitions
      At line 262 in file system\Keil\startup_MSP432P4.s
   Uses
      At line 90 in file system\Keil\startup_MSP432P4.s
      At line 220 in file system\Keil\startup_MSP432P4.s

DMA_INT0_IRQHandler 0000001A

Symbol: DMA_INT0_IRQHandler
   Definitions
      At line 266 in file system\Keil\startup_MSP432P4.s
   Uses
      At line 94 in file system\Keil\startup_MSP432P4.s
      At line 224 in file system\Keil\startup_MSP432P4.s

DMA_INT1_IRQHandler 0000001A

Symbol: DMA_INT1_IRQHandler
   Definitions
      At line 265 in file system\Keil\startup_MSP432P4.s
   Uses
      At line 93 in file system\Keil\startup_MSP432P4.s
      At line 223 in file system\Keil\startup_MSP432P4.s

DMA_INT2_IRQHandler 0000001A

Symbol: DMA_INT2_IRQHandler
   Definitions
      At line 264 in file system\Keil\startup_MSP432P4.s
   Uses
      At line 92 in file system\Keil\startup_MSP432P4.s
      At line 222 in file system\Keil\startup_MSP432P4.s

DMA_INT3_IRQHandler 0000001A

Symbol: DMA_INT3_IRQHandler
   Definitions
      At line 263 in file system\Keil\startup_MSP432P4.s
   Uses
      At line 91 in file system\Keil\startup_MSP432P4.s
      At line 221 in file system\Keil\startup_MSP432P4.s

DebugMon_Handler 00000014

Symbol: DebugMon_Handler
   Definitions
      At line 176 in file system\Keil\startup_MSP432P4.s
   Uses
      At line 54 in file system\Keil\startup_MSP432P4.s
      At line 177 in file system\Keil\startup_MSP432P4.s

Default_Handler 0000001A




ARM Macro Assembler    Page 3 Alphabetic symbol ordering
Relocatable symbols

Symbol: Default_Handler
   Definitions
      At line 189 in file system\Keil\startup_MSP432P4.s
   Uses
      None
Comment: Default_Handler unused
EUSCIA0_IRQHandler 0000001A

Symbol: EUSCIA0_IRQHandler
   Definitions
      At line 248 in file system\Keil\startup_MSP432P4.s
   Uses
      At line 206 in file system\Keil\startup_MSP432P4.s
Comment: EUSCIA0_IRQHandler used once
EUSCIA1_IRQHandler 0000001A

Symbol: EUSCIA1_IRQHandler
   Definitions
      At line 249 in file system\Keil\startup_MSP432P4.s
   Uses
      At line 77 in file system\Keil\startup_MSP432P4.s
      At line 207 in file system\Keil\startup_MSP432P4.s

EUSCIA2_IRQHandler 0000001A

Symbol: EUSCIA2_IRQHandler
   Definitions
      At line 250 in file system\Keil\startup_MSP432P4.s
   Uses
      At line 78 in file system\Keil\startup_MSP432P4.s
      At line 208 in file system\Keil\startup_MSP432P4.s

EUSCIA3_IRQHandler 0000001A

Symbol: EUSCIA3_IRQHandler
   Definitions
      At line 251 in file system\Keil\startup_MSP432P4.s
   Uses
      At line 79 in file system\Keil\startup_MSP432P4.s
      At line 209 in file system\Keil\startup_MSP432P4.s

EUSCIB0_IRQHandler 0000001A

Symbol: EUSCIB0_IRQHandler
   Definitions
      At line 252 in file system\Keil\startup_MSP432P4.s
   Uses
      At line 80 in file system\Keil\startup_MSP432P4.s
      At line 210 in file system\Keil\startup_MSP432P4.s

EUSCIB1_IRQHandler 0000001A

Symbol: EUSCIB1_IRQHandler
   Definitions
      At line 253 in file system\Keil\startup_MSP432P4.s
   Uses
      At line 81 in file system\Keil\startup_MSP432P4.s
      At line 211 in file system\Keil\startup_MSP432P4.s




ARM Macro Assembler    Page 4 Alphabetic symbol ordering
Relocatable symbols

EUSCIB2_IRQHandler 0000001A

Symbol: EUSCIB2_IRQHandler
   Definitions
      At line 254 in file system\Keil\startup_MSP432P4.s
   Uses
      At line 82 in file system\Keil\startup_MSP432P4.s
      At line 212 in file system\Keil\startup_MSP432P4.s

EUSCIB3_IRQHandler 0000001A

Symbol: EUSCIB3_IRQHandler
   Definitions
      At line 255 in file system\Keil\startup_MSP432P4.s
   Uses
      At line 83 in file system\Keil\startup_MSP432P4.s
      At line 213 in file system\Keil\startup_MSP432P4.s

FLCTL_IRQHandler 0000001A

Symbol: FLCTL_IRQHandler
   Definitions
      At line 237 in file system\Keil\startup_MSP432P4.s
   Uses
      At line 65 in file system\Keil\startup_MSP432P4.s
      At line 195 in file system\Keil\startup_MSP432P4.s

FPU_IRQHandler 0000001A

Symbol: FPU_IRQHandler
   Definitions
      At line 236 in file system\Keil\startup_MSP432P4.s
   Uses
      At line 64 in file system\Keil\startup_MSP432P4.s
      At line 194 in file system\Keil\startup_MSP432P4.s

HardFault_Handler 0000000A

Symbol: HardFault_Handler
   Definitions
      At line 152 in file system\Keil\startup_MSP432P4.s
   Uses
      At line 45 in file system\Keil\startup_MSP432P4.s
      At line 153 in file system\Keil\startup_MSP432P4.s

MemManage_Handler 0000000C

Symbol: MemManage_Handler
   Definitions
      At line 157 in file system\Keil\startup_MSP432P4.s
   Uses
      At line 46 in file system\Keil\startup_MSP432P4.s
      At line 158 in file system\Keil\startup_MSP432P4.s

NMI_Handler 00000008

Symbol: NMI_Handler
   Definitions
      At line 147 in file system\Keil\startup_MSP432P4.s



ARM Macro Assembler    Page 5 Alphabetic symbol ordering
Relocatable symbols

   Uses
      At line 44 in file system\Keil\startup_MSP432P4.s
      At line 148 in file system\Keil\startup_MSP432P4.s

PCM_IRQHandler 0000001A

Symbol: PCM_IRQHandler
   Definitions
      At line 234 in file system\Keil\startup_MSP432P4.s
   Uses
      At line 62 in file system\Keil\startup_MSP432P4.s
      At line 192 in file system\Keil\startup_MSP432P4.s

PORT1_IRQHandler 0000001A

Symbol: PORT1_IRQHandler
   Definitions
      At line 267 in file system\Keil\startup_MSP432P4.s
   Uses
      At line 95 in file system\Keil\startup_MSP432P4.s
      At line 225 in file system\Keil\startup_MSP432P4.s

PORT2_IRQHandler 0000001A

Symbol: PORT2_IRQHandler
   Definitions
      At line 268 in file system\Keil\startup_MSP432P4.s
   Uses
      At line 96 in file system\Keil\startup_MSP432P4.s
      At line 226 in file system\Keil\startup_MSP432P4.s

PORT3_IRQHandler 0000001A

Symbol: PORT3_IRQHandler
   Definitions
      At line 269 in file system\Keil\startup_MSP432P4.s
   Uses
      At line 97 in file system\Keil\startup_MSP432P4.s
      At line 227 in file system\Keil\startup_MSP432P4.s

PORT4_IRQHandler 0000001A

Symbol: PORT4_IRQHandler
   Definitions
      At line 270 in file system\Keil\startup_MSP432P4.s
   Uses
      At line 98 in file system\Keil\startup_MSP432P4.s
      At line 228 in file system\Keil\startup_MSP432P4.s

PORT5_IRQHandler 0000001A

Symbol: PORT5_IRQHandler
   Definitions
      At line 271 in file system\Keil\startup_MSP432P4.s
   Uses
      At line 99 in file system\Keil\startup_MSP432P4.s
      At line 229 in file system\Keil\startup_MSP432P4.s

PORT6_IRQHandler 0000001A



ARM Macro Assembler    Page 6 Alphabetic symbol ordering
Relocatable symbols


Symbol: PORT6_IRQHandler
   Definitions
      At line 272 in file system\Keil\startup_MSP432P4.s
   Uses
      At line 100 in file system\Keil\startup_MSP432P4.s
      At line 230 in file system\Keil\startup_MSP432P4.s

PSS_IRQHandler 0000001A

Symbol: PSS_IRQHandler
   Definitions
      At line 232 in file system\Keil\startup_MSP432P4.s
   Uses
      At line 60 in file system\Keil\startup_MSP432P4.s
      At line 190 in file system\Keil\startup_MSP432P4.s

PendSV_Handler 00000016

Symbol: PendSV_Handler
   Definitions
      At line 180 in file system\Keil\startup_MSP432P4.s
   Uses
      At line 56 in file system\Keil\startup_MSP432P4.s
      At line 181 in file system\Keil\startup_MSP432P4.s

RTC_C_IRQHandler 0000001A

Symbol: RTC_C_IRQHandler
   Definitions
      At line 261 in file system\Keil\startup_MSP432P4.s
   Uses
      At line 89 in file system\Keil\startup_MSP432P4.s
      At line 219 in file system\Keil\startup_MSP432P4.s

Reset_Handler 00000000

Symbol: Reset_Handler
   Definitions
      At line 134 in file system\Keil\startup_MSP432P4.s
   Uses
      At line 43 in file system\Keil\startup_MSP432P4.s
      At line 135 in file system\Keil\startup_MSP432P4.s

SVC_Handler 00000012

Symbol: SVC_Handler
   Definitions
      At line 171 in file system\Keil\startup_MSP432P4.s
   Uses
      At line 53 in file system\Keil\startup_MSP432P4.s
      At line 172 in file system\Keil\startup_MSP432P4.s

SysTick_Handler 00000018

Symbol: SysTick_Handler
   Definitions
      At line 184 in file system\Keil\startup_MSP432P4.s
   Uses



ARM Macro Assembler    Page 7 Alphabetic symbol ordering
Relocatable symbols

      At line 57 in file system\Keil\startup_MSP432P4.s
      At line 185 in file system\Keil\startup_MSP432P4.s

T32_INT1_IRQHandler 0000001A

Symbol: T32_INT1_IRQHandler
   Definitions
      At line 257 in file system\Keil\startup_MSP432P4.s
   Uses
      At line 215 in file system\Keil\startup_MSP432P4.s
Comment: T32_INT1_IRQHandler used once
T32_INT2_IRQHandler 0000001A

Symbol: T32_INT2_IRQHandler
   Definitions
      At line 258 in file system\Keil\startup_MSP432P4.s
   Uses
      At line 216 in file system\Keil\startup_MSP432P4.s
Comment: T32_INT2_IRQHandler used once
T32_INTC_IRQHandler 0000001A

Symbol: T32_INTC_IRQHandler
   Definitions
      At line 259 in file system\Keil\startup_MSP432P4.s
   Uses
      At line 87 in file system\Keil\startup_MSP432P4.s
      At line 217 in file system\Keil\startup_MSP432P4.s

TA0_0_IRQHandler 0000001A

Symbol: TA0_0_IRQHandler
   Definitions
      At line 240 in file system\Keil\startup_MSP432P4.s
   Uses
      At line 68 in file system\Keil\startup_MSP432P4.s
      At line 198 in file system\Keil\startup_MSP432P4.s

TA0_N_IRQHandler 0000001A

Symbol: TA0_N_IRQHandler
   Definitions
      At line 241 in file system\Keil\startup_MSP432P4.s
   Uses
      At line 69 in file system\Keil\startup_MSP432P4.s
      At line 199 in file system\Keil\startup_MSP432P4.s

TA1_0_IRQHandler 0000001A

Symbol: TA1_0_IRQHandler
   Definitions
      At line 242 in file system\Keil\startup_MSP432P4.s
   Uses
      At line 70 in file system\Keil\startup_MSP432P4.s
      At line 200 in file system\Keil\startup_MSP432P4.s

TA1_N_IRQHandler 0000001A

Symbol: TA1_N_IRQHandler
   Definitions



ARM Macro Assembler    Page 8 Alphabetic symbol ordering
Relocatable symbols

      At line 243 in file system\Keil\startup_MSP432P4.s
   Uses
      At line 71 in file system\Keil\startup_MSP432P4.s
      At line 201 in file system\Keil\startup_MSP432P4.s

TA2_0_IRQHandler 0000001A

Symbol: TA2_0_IRQHandler
   Definitions
      At line 244 in file system\Keil\startup_MSP432P4.s
   Uses
      At line 72 in file system\Keil\startup_MSP432P4.s
      At line 202 in file system\Keil\startup_MSP432P4.s

TA2_N_IRQHandler 0000001A

Symbol: TA2_N_IRQHandler
   Definitions
      At line 245 in file system\Keil\startup_MSP432P4.s
   Uses
      At line 73 in file system\Keil\startup_MSP432P4.s
      At line 203 in file system\Keil\startup_MSP432P4.s

TA3_0_IRQHandler 0000001A

Symbol: TA3_0_IRQHandler
   Definitions
      At line 246 in file system\Keil\startup_MSP432P4.s
   Uses
      At line 74 in file system\Keil\startup_MSP432P4.s
      At line 204 in file system\Keil\startup_MSP432P4.s

TA3_N_IRQHandler 0000001A

Symbol: TA3_N_IRQHandler
   Definitions
      At line 247 in file system\Keil\startup_MSP432P4.s
   Uses
      At line 75 in file system\Keil\startup_MSP432P4.s
      At line 205 in file system\Keil\startup_MSP432P4.s

UsageFault_Handler 00000010

Symbol: UsageFault_Handler
   Definitions
      At line 167 in file system\Keil\startup_MSP432P4.s
   Uses
      At line 48 in file system\Keil\startup_MSP432P4.s
      At line 168 in file system\Keil\startup_MSP432P4.s

WDT_A_IRQHandler 0000001A

Symbol: WDT_A_IRQHandler
   Definitions
      At line 235 in file system\Keil\startup_MSP432P4.s
   Uses
      At line 63 in file system\Keil\startup_MSP432P4.s
      At line 193 in file system\Keil\startup_MSP432P4.s




ARM Macro Assembler    Page 9 Alphabetic symbol ordering
Relocatable symbols

53 symbols



ARM Macro Assembler    Page 1 Alphabetic symbol ordering
Absolute symbols

Heap_Size 00000000

Symbol: Heap_Size
   Definitions
      At line 20 in file system\Keil\startup_MSP432P4.s
   Uses
      At line 24 in file system\Keil\startup_MSP432P4.s
Comment: Heap_Size used once
Stack_Size 00000200

Symbol: Stack_Size
   Definitions
      At line 9 in file system\Keil\startup_MSP432P4.s
   Uses
      At line 12 in file system\Keil\startup_MSP432P4.s
Comment: Stack_Size used once
__Vectors_Size 00000144

Symbol: __Vectors_Size
   Definitions
      At line 127 in file system\Keil\startup_MSP432P4.s
   Uses
      At line 37 in file system\Keil\startup_MSP432P4.s
Comment: __Vectors_Size used once
3 symbols



ARM Macro Assembler    Page 1 Alphabetic symbol ordering
External symbols

SystemInit 00000000

Symbol: SystemInit
   Definitions
      At line 136 in file system\Keil\startup_MSP432P4.s
   Uses
      At line 138 in file system\Keil\startup_MSP432P4.s
Comment: SystemInit used once
__main 00000000

Symbol: __main
   Definitions
      At line 137 in file system\Keil\startup_MSP432P4.s
   Uses
      At line 140 in file system\Keil\startup_MSP432P4.s
Comment: __main used once
vT32_0_Handler 00000000

Symbol: vT32_0_Handler
   Definitions
      At line 39 in file system\Keil\startup_MSP432P4.s
   Uses
      At line 85 in file system\Keil\startup_MSP432P4.s
Comment: vT32_0_Handler used once
vT32_1_Handler 00000000

Symbol: vT32_1_Handler
   Definitions
      At line 40 in file system\Keil\startup_MSP432P4.s
   Uses
      At line 86 in file system\Keil\startup_MSP432P4.s
Comment: vT32_1_Handler used once
vUART_Handler 00000000

Symbol: vUART_Handler
   Definitions
      At line 38 in file system\Keil\startup_MSP432P4.s
   Uses
      At line 76 in file system\Keil\startup_MSP432P4.s
Comment: vUART_Handler used once
5 symbols
409 symbols in table
